#! /opt/homebrew/Cellar/icarus-verilog/12.0/bin/vvp
:ivl_version "12.0 (stable)";
:ivl_delay_selection "TYPICAL";
:vpi_time_precision + 0;
:vpi_module "/opt/homebrew/Cellar/icarus-verilog/12.0/lib/ivl/system.vpi";
:vpi_module "/opt/homebrew/Cellar/icarus-verilog/12.0/lib/ivl/vhdl_sys.vpi";
:vpi_module "/opt/homebrew/Cellar/icarus-verilog/12.0/lib/ivl/vhdl_textio.vpi";
:vpi_module "/opt/homebrew/Cellar/icarus-verilog/12.0/lib/ivl/v2005_math.vpi";
:vpi_module "/opt/homebrew/Cellar/icarus-verilog/12.0/lib/ivl/va_math.vpi";
S_0x15c804080 .scope module, "test" "test" 2 27;
 .timescale 0 0;
v0x6000031ac2d0_0 .var "a", 5 0;
v0x6000031ac360_0 .net "axb", 11 0, L_0x6000028a0070;  1 drivers
v0x6000031ac3f0_0 .var "b", 5 0;
v0x6000031ac480_0 .var/i "i", 31 0;
E_0x6000016ac080 .event anyedge, v0x6000031ac090_0, v0x6000031ac120_0, v0x6000031ac000_0;
S_0x15c8041f0 .scope module, "U1" "mult6" 2 32, 2 3 0, S_0x15c804080;
 .timescale 0 0;
    .port_info 0 /INPUT 6 "a";
    .port_info 1 /INPUT 6 "b";
    .port_info 2 /OUTPUT 12 "axb";
L_0x6000028a0070 .functor BUFZ 12, v0x6000031ac240_0, C4<000000000000>, C4<000000000000>, C4<000000000000>;
v0x6000031ac000_0 .net "a", 5 0, v0x6000031ac2d0_0;  1 drivers
v0x6000031ac090_0 .net "axb", 11 0, L_0x6000028a0070;  alias, 1 drivers
v0x6000031ac120_0 .net "b", 5 0, v0x6000031ac3f0_0;  1 drivers
v0x6000031ac1b0_0 .var/i "i", 31 0;
v0x6000031ac240_0 .var "product", 11 0;
E_0x6000016ac100 .event anyedge, v0x6000031ac120_0, v0x6000031ac240_0, v0x6000031ac000_0;
    .scope S_0x15c8041f0;
T_0 ;
    %wait E_0x6000016ac100;
    %pushi/vec4 0, 0, 12;
    %store/vec4 v0x6000031ac240_0, 0, 12;
    %pushi/vec4 0, 0, 32;
    %store/vec4 v0x6000031ac1b0_0, 0, 32;
T_0.0 ;
    %load/vec4 v0x6000031ac1b0_0;
    %cmpi/s 6, 0, 32;
    %jmp/0xz T_0.1, 5;
    %load/vec4 v0x6000031ac120_0;
    %load/vec4 v0x6000031ac1b0_0;
    %part/s 1;
    %flag_set/vec4 8;
    %jmp/0xz  T_0.2, 8;
    %load/vec4 v0x6000031ac240_0;
    %load/vec4 v0x6000031ac000_0;
    %pad/u 12;
    %load/vec4 v0x6000031ac1b0_0;
    %ix/vec4 4;
    %shiftl 4;
    %add;
    %store/vec4 v0x6000031ac240_0, 0, 12;
T_0.2 ;
    %load/vec4 v0x6000031ac1b0_0;
    %addi 1, 0, 32;
    %store/vec4 v0x6000031ac1b0_0, 0, 32;
    %jmp T_0.0;
T_0.1 ;
    %jmp T_0;
    .thread T_0, $push;
    .scope S_0x15c804080;
T_1 ;
    %vpi_call 2 36 "$dumpfile", "vcd/5b0g0024_q1.vcd" {0 0 0};
    %vpi_call 2 37 "$dumpvars" {0 0 0};
    %end;
    .thread T_1;
    .scope S_0x15c804080;
T_2 ;
    %pushi/vec4 0, 0, 32;
    %store/vec4 v0x6000031ac480_0, 0, 32;
T_2.0 ;
    %load/vec4 v0x6000031ac480_0;
    %cmpi/s 4096, 0, 32;
    %jmp/0xz T_2.1, 5;
    %delay 0, 0;
    %load/vec4 v0x6000031ac480_0;
    %parti/s 6, 0, 2;
    %store/vec4 v0x6000031ac2d0_0, 0, 6;
    %load/vec4 v0x6000031ac480_0;
    %parti/s 6, 6, 4;
    %store/vec4 v0x6000031ac3f0_0, 0, 6;
    %delay 10, 0;
    %load/vec4 v0x6000031ac480_0;
    %addi 1, 0, 32;
    %store/vec4 v0x6000031ac480_0, 0, 32;
    %jmp T_2.0;
T_2.1 ;
    %pushi/vec4 0, 0, 6;
    %store/vec4 v0x6000031ac2d0_0, 0, 6;
    %pushi/vec4 0, 0, 6;
    %store/vec4 v0x6000031ac3f0_0, 0, 6;
    %end;
    .thread T_2;
    .scope S_0x15c804080;
T_3 ;
    %wait E_0x6000016ac080;
    %vpi_call 2 53 "$display", "%d ns, a = %d, b = %d, axb = %d", $time, v0x6000031ac2d0_0, v0x6000031ac3f0_0, v0x6000031ac360_0 {0 0 0};
    %jmp T_3;
    .thread T_3, $push;
# The file index is used to find the file name in the following table.
:file_names 3;
    "N/A";
    "<interactive>";
    "vvc/5b0g0024_q1.v";
