#! /opt/homebrew/Cellar/icarus-verilog/12.0/bin/vvp
:ivl_version "12.0 (stable)";
:ivl_delay_selection "TYPICAL";
:vpi_time_precision + 0;
:vpi_module "/opt/homebrew/Cellar/icarus-verilog/12.0/lib/ivl/system.vpi";
:vpi_module "/opt/homebrew/Cellar/icarus-verilog/12.0/lib/ivl/vhdl_sys.vpi";
:vpi_module "/opt/homebrew/Cellar/icarus-verilog/12.0/lib/ivl/vhdl_textio.vpi";
:vpi_module "/opt/homebrew/Cellar/icarus-verilog/12.0/lib/ivl/v2005_math.vpi";
:vpi_module "/opt/homebrew/Cellar/icarus-verilog/12.0/lib/ivl/va_math.vpi";
S_0x13370d380 .scope module, "test" "test" 2 16;
 .timescale 0 0;
v0x13371d960_0 .var "A", 3 0;
v0x13371da10_0 .var "B", 3 0;
v0x13371dac0_0 .net "Res", 7 0, v0x13371d790_0;  1 drivers
v0x13371db90_0 .var "cont", 1 0;
v0x13371dc40_0 .var/i "i", 31 0;
E_0x13370d4f0 .event anyedge, v0x13371d790_0, v0x13371d850_0, v0x13371d6e0_0, v0x13370d6f0_0;
S_0x13370d540 .scope module, "U1" "ALU4" 2 22, 2 1 0, S_0x13370d380;
 .timescale 0 0;
    .port_info 0 /INPUT 4 "A";
    .port_info 1 /INPUT 4 "B";
    .port_info 2 /INPUT 2 "cont";
    .port_info 3 /OUTPUT 8 "Res";
v0x13370d6f0_0 .net "A", 3 0, v0x13371d960_0;  1 drivers
v0x13371d6e0_0 .net "B", 3 0, v0x13371da10_0;  1 drivers
v0x13371d790_0 .var "Res", 7 0;
v0x13371d850_0 .net "cont", 1 0, v0x13371db90_0;  1 drivers
E_0x13370d6b0 .event anyedge, v0x13371d850_0, v0x13371d6e0_0, v0x13370d6f0_0;
    .scope S_0x13370d540;
T_0 ;
    %wait E_0x13370d6b0;
    %load/vec4 v0x13371d850_0;
    %dup/vec4;
    %pushi/vec4 0, 0, 2;
    %cmp/u;
    %jmp/1 T_0.0, 6;
    %dup/vec4;
    %pushi/vec4 1, 0, 2;
    %cmp/u;
    %jmp/1 T_0.1, 6;
    %dup/vec4;
    %pushi/vec4 2, 0, 2;
    %cmp/u;
    %jmp/1 T_0.2, 6;
    %dup/vec4;
    %pushi/vec4 3, 0, 2;
    %cmp/u;
    %jmp/1 T_0.3, 6;
    %jmp T_0.4;
T_0.0 ;
    %load/vec4 v0x13370d6f0_0;
    %pad/u 8;
    %load/vec4 v0x13371d6e0_0;
    %pad/u 8;
    %add;
    %assign/vec4 v0x13371d790_0, 1;
    %jmp T_0.4;
T_0.1 ;
    %load/vec4 v0x13370d6f0_0;
    %pad/u 8;
    %load/vec4 v0x13371d6e0_0;
    %pad/u 8;
    %mul;
    %assign/vec4 v0x13371d790_0, 1;
    %jmp T_0.4;
T_0.2 ;
    %load/vec4 v0x13370d6f0_0;
    %load/vec4 v0x13371d6e0_0;
    %div;
    %load/vec4 v0x13370d6f0_0;
    %load/vec4 v0x13371d6e0_0;
    %mod;
    %concat/vec4; draw_concat_vec4
    %assign/vec4 v0x13371d790_0, 1;
    %jmp T_0.4;
T_0.3 ;
    %load/vec4 v0x13370d6f0_0;
    %pad/u 8;
    %load/vec4 v0x13371d6e0_0;
    %pad/u 8;
    %and;
    %assign/vec4 v0x13371d790_0, 1;
    %jmp T_0.4;
T_0.4 ;
    %pop/vec4 1;
    %jmp T_0;
    .thread T_0, $push;
    .scope S_0x13370d380;
T_1 ;
    %vpi_call 2 25 "$dumpfile", "vcd/alu4.vcd" {0 0 0};
    %vpi_call 2 26 "$dumpvars", 32'sb00000000000000000000000000000000, S_0x13370d380 {0 0 0};
    %end;
    .thread T_1;
    .scope S_0x13370d380;
T_2 ;
    %delay 0, 0;
    %pushi/vec4 3, 0, 4;
    %store/vec4 v0x13371d960_0, 0, 4;
    %pushi/vec4 11, 0, 4;
    %store/vec4 v0x13371da10_0, 0, 4;
    %pushi/vec4 0, 0, 32;
    %store/vec4 v0x13371dc40_0, 0, 32;
T_2.0 ;
    %load/vec4 v0x13371dc40_0;
    %cmpi/s 3, 0, 32;
    %jmp/0xz T_2.1, 5;
    %delay 0, 0;
    %load/vec4 v0x13371dc40_0;
    %pad/s 2;
    %store/vec4 v0x13371db90_0, 0, 2;
    %delay 10, 0;
    %load/vec4 v0x13371dc40_0;
    %addi 1, 0, 32;
    %store/vec4 v0x13371dc40_0, 0, 32;
    %jmp T_2.0;
T_2.1 ;
    %delay 10, 0;
    %pushi/vec4 9, 0, 4;
    %store/vec4 v0x13371d960_0, 0, 4;
    %pushi/vec4 9, 0, 4;
    %store/vec4 v0x13371da10_0, 0, 4;
    %pushi/vec4 0, 0, 32;
    %store/vec4 v0x13371dc40_0, 0, 32;
T_2.2 ;
    %load/vec4 v0x13371dc40_0;
    %cmpi/s 3, 0, 32;
    %jmp/0xz T_2.3, 5;
    %delay 0, 0;
    %load/vec4 v0x13371dc40_0;
    %pad/s 2;
    %store/vec4 v0x13371db90_0, 0, 2;
    %delay 10, 0;
    %load/vec4 v0x13371dc40_0;
    %addi 1, 0, 32;
    %store/vec4 v0x13371dc40_0, 0, 32;
    %jmp T_2.2;
T_2.3 ;
    %delay 10, 0;
    %pushi/vec4 12, 0, 4;
    %store/vec4 v0x13371d960_0, 0, 4;
    %pushi/vec4 5, 0, 4;
    %store/vec4 v0x13371da10_0, 0, 4;
    %pushi/vec4 0, 0, 32;
    %store/vec4 v0x13371dc40_0, 0, 32;
T_2.4 ;
    %load/vec4 v0x13371dc40_0;
    %cmpi/s 3, 0, 32;
    %jmp/0xz T_2.5, 5;
    %delay 0, 0;
    %load/vec4 v0x13371dc40_0;
    %pad/s 2;
    %store/vec4 v0x13371db90_0, 0, 2;
    %delay 10, 0;
    %load/vec4 v0x13371dc40_0;
    %addi 1, 0, 32;
    %store/vec4 v0x13371dc40_0, 0, 32;
    %jmp T_2.4;
T_2.5 ;
    %pushi/vec4 0, 0, 4;
    %store/vec4 v0x13371d960_0, 0, 4;
    %pushi/vec4 0, 0, 4;
    %store/vec4 v0x13371da10_0, 0, 4;
    %end;
    .thread T_2;
    .scope S_0x13370d380;
T_3 ;
    %wait E_0x13370d4f0;
    %load/vec4 v0x13371db90_0;
    %dup/vec4;
    %pushi/vec4 0, 0, 2;
    %cmp/u;
    %jmp/1 T_3.0, 6;
    %dup/vec4;
    %pushi/vec4 1, 0, 2;
    %cmp/u;
    %jmp/1 T_3.1, 6;
    %dup/vec4;
    %pushi/vec4 2, 0, 2;
    %cmp/u;
    %jmp/1 T_3.2, 6;
    %dup/vec4;
    %pushi/vec4 3, 0, 2;
    %cmp/u;
    %jmp/1 T_3.3, 6;
    %jmp T_3.4;
T_3.0 ;
    %vpi_call 2 54 "$display", "%d ns,A=%d, B=%d, A+B = %d\012", $time, v0x13371d960_0, v0x13371da10_0, v0x13371dac0_0 {0 0 0};
    %jmp T_3.4;
T_3.1 ;
    %vpi_call 2 55 "$display", "%d ns,A=%d, B=%d, AxB, Res=%d\012", $time, v0x13371d960_0, v0x13371da10_0, v0x13371dac0_0 {0 0 0};
    %jmp T_3.4;
T_3.2 ;
    %vpi_call 2 56 "$display", "%d ns,A=%d, B=%d, A/B = %d, A\351\231\244\344\273\245B\344\271\213\351\244\230\346\225\270 = %d\012", $time, v0x13371d960_0, v0x13371da10_0, &PV<v0x13371dac0_0, 4, 4>, &PV<v0x13371dac0_0, 0, 4> {0 0 0};
    %jmp T_3.4;
T_3.3 ;
    %vpi_call 2 57 "$display", "%d ns,A=%d, B=%d, A&B, Res=%d\012", $time, v0x13371d960_0, v0x13371da10_0, v0x13371dac0_0 {0 0 0};
    %jmp T_3.4;
T_3.4 ;
    %pop/vec4 1;
    %jmp T_3;
    .thread T_3, $push;
# The file index is used to find the file name in the following table.
:file_names 3;
    "N/A";
    "<interactive>";
    "vvc/alu4.v";
