#! /opt/homebrew/Cellar/icarus-verilog/12.0/bin/vvp
:ivl_version "12.0 (stable)";
:ivl_delay_selection "TYPICAL";
:vpi_time_precision + 0;
:vpi_module "/opt/homebrew/Cellar/icarus-verilog/12.0/lib/ivl/system.vpi";
:vpi_module "/opt/homebrew/Cellar/icarus-verilog/12.0/lib/ivl/vhdl_sys.vpi";
:vpi_module "/opt/homebrew/Cellar/icarus-verilog/12.0/lib/ivl/vhdl_textio.vpi";
:vpi_module "/opt/homebrew/Cellar/icarus-verilog/12.0/lib/ivl/v2005_math.vpi";
:vpi_module "/opt/homebrew/Cellar/icarus-verilog/12.0/lib/ivl/va_math.vpi";
S_0x1406041f0 .scope module, "DFF" "DFF" 2 1;
 .timescale 0 0;
    .port_info 0 /INPUT 1 "clk";
    .port_info 1 /INPUT 1 "rst_";
    .port_info 2 /INPUT 1 "D";
    .port_info 3 /OUTPUT 1 "Q";
    .port_info 4 /OUTPUT 1 "Q_";
o0x138008010 .functor BUFZ 1, C4<z>; HiZ drive
v0x140606f00_0 .net "D", 0 0, o0x138008010;  0 drivers
v0x140616e00_0 .var "Q", 0 0;
v0x140616ea0_0 .var "Q_", 0 0;
o0x1380080a0 .functor BUFZ 1, C4<z>; HiZ drive
v0x140616f30_0 .net "clk", 0 0, o0x1380080a0;  0 drivers
o0x1380080d0 .functor BUFZ 1, C4<z>; HiZ drive
v0x140616fd0_0 .net "rst_", 0 0, o0x1380080d0;  0 drivers
E_0x140604ab0 .event posedge, v0x140616f30_0;
    .scope S_0x1406041f0;
T_0 ;
    %wait E_0x140604ab0;
    %load/vec4 v0x140616fd0_0;
    %inv;
    %flag_set/vec4 8;
    %jmp/0xz  T_0.0, 8;
    %pushi/vec4 0, 0, 1;
    %assign/vec4 v0x140616e00_0, 1;
    %jmp T_0.1;
T_0.0 ;
    %load/vec4 v0x140606f00_0;
    %assign/vec4 v0x140616e00_0, 1;
T_0.1 ;
    %load/vec4 v0x140616e00_0;
    %inv;
    %cassign/vec4 v0x140616ea0_0;
    %jmp T_0;
    .thread T_0;
# The file index is used to find the file name in the following table.
:file_names 3;
    "N/A";
    "<interactive>";
    "vvc/dff.v";
