#! /opt/homebrew/Cellar/icarus-verilog/12.0/bin/vvp
:ivl_version "12.0 (stable)";
:ivl_delay_selection "TYPICAL";
:vpi_time_precision + 0;
:vpi_module "/opt/homebrew/Cellar/icarus-verilog/12.0/lib/ivl/system.vpi";
:vpi_module "/opt/homebrew/Cellar/icarus-verilog/12.0/lib/ivl/vhdl_sys.vpi";
:vpi_module "/opt/homebrew/Cellar/icarus-verilog/12.0/lib/ivl/vhdl_textio.vpi";
:vpi_module "/opt/homebrew/Cellar/icarus-verilog/12.0/lib/ivl/v2005_math.vpi";
:vpi_module "/opt/homebrew/Cellar/icarus-verilog/12.0/lib/ivl/va_math.vpi";
S_0x13a605ce0 .scope module, "test" "test" 2 37;
 .timescale 0 0;
v0x6000037ac360_0 .var "clock", 0 0;
v0x6000037ac3f0_0 .var "reset_", 0 0;
v0x6000037ac480_0 .var "x", 0 0;
v0x6000037ac510_0 .net "z", 0 0, v0x6000037ac2d0_0;  1 drivers
S_0x13a604a40 .scope module, "U1" "moore1" 2 41, 2 1 0, S_0x13a605ce0;
 .timescale 0 0;
    .port_info 0 /INPUT 1 "clock";
    .port_info 1 /INPUT 1 "reset_";
    .port_info 2 /INPUT 1 "x";
    .port_info 3 /OUTPUT 1 "z";
P_0x6000039acf00 .param/l "S0" 0 2 5, C4<00>;
P_0x6000039acf40 .param/l "S1" 0 2 5, C4<01>;
P_0x6000039acf80 .param/l "S2" 0 2 5, C4<11>;
P_0x6000039acfc0 .param/l "S3" 0 2 5, C4<10>;
v0x6000037ac000_0 .net "clock", 0 0, v0x6000037ac360_0;  1 drivers
v0x6000037ac090_0 .var "curr_state", 1 0;
v0x6000037ac120_0 .var "next_state", 1 0;
v0x6000037ac1b0_0 .net "reset_", 0 0, v0x6000037ac3f0_0;  1 drivers
v0x6000037ac240_0 .net "x", 0 0, v0x6000037ac480_0;  1 drivers
v0x6000037ac2d0_0 .var "z", 0 0;
E_0x6000010ae580 .event anyedge, v0x6000037ac1b0_0, v0x6000037ac090_0;
E_0x6000010ae5c0 .event anyedge, v0x6000037ac120_0;
E_0x6000010ae600 .event posedge, v0x6000037ac000_0;
    .scope S_0x13a604a40;
T_0 ;
    %wait E_0x6000010ae600;
    %load/vec4 v0x6000037ac1b0_0;
    %inv;
    %flag_set/vec4 8;
    %jmp/0xz  T_0.0, 8;
    %pushi/vec4 0, 0, 2;
    %assign/vec4 v0x6000037ac120_0, 1;
    %jmp T_0.1;
T_0.0 ;
    %load/vec4 v0x6000037ac090_0;
    %dup/vec4;
    %pushi/vec4 0, 0, 2;
    %cmp/u;
    %jmp/1 T_0.2, 6;
    %dup/vec4;
    %pushi/vec4 1, 0, 2;
    %cmp/u;
    %jmp/1 T_0.3, 6;
    %dup/vec4;
    %pushi/vec4 3, 0, 2;
    %cmp/u;
    %jmp/1 T_0.4, 6;
    %dup/vec4;
    %pushi/vec4 2, 0, 2;
    %cmp/u;
    %jmp/1 T_0.5, 6;
    %jmp T_0.6;
T_0.2 ;
    %load/vec4 v0x6000037ac240_0;
    %cmpi/e 1, 0, 1;
    %jmp/0xz  T_0.7, 4;
    %pushi/vec4 1, 0, 2;
    %assign/vec4 v0x6000037ac120_0, 1;
    %jmp T_0.8;
T_0.7 ;
    %pushi/vec4 2, 0, 2;
    %assign/vec4 v0x6000037ac120_0, 1;
T_0.8 ;
    %jmp T_0.6;
T_0.3 ;
    %load/vec4 v0x6000037ac240_0;
    %cmpi/e 1, 0, 1;
    %jmp/0xz  T_0.9, 4;
    %pushi/vec4 3, 0, 2;
    %assign/vec4 v0x6000037ac120_0, 1;
    %jmp T_0.10;
T_0.9 ;
    %pushi/vec4 0, 0, 2;
    %assign/vec4 v0x6000037ac120_0, 1;
T_0.10 ;
    %jmp T_0.6;
T_0.4 ;
    %load/vec4 v0x6000037ac240_0;
    %cmpi/e 0, 0, 1;
    %jmp/0xz  T_0.11, 4;
    %pushi/vec4 1, 0, 2;
    %assign/vec4 v0x6000037ac120_0, 1;
T_0.11 ;
    %jmp T_0.6;
T_0.5 ;
    %load/vec4 v0x6000037ac240_0;
    %cmpi/e 1, 0, 1;
    %jmp/0xz  T_0.13, 4;
    %pushi/vec4 3, 0, 2;
    %assign/vec4 v0x6000037ac120_0, 1;
    %jmp T_0.14;
T_0.13 ;
    %pushi/vec4 3, 0, 2;
    %assign/vec4 v0x6000037ac120_0, 1;
T_0.14 ;
    %jmp T_0.6;
T_0.6 ;
    %pop/vec4 1;
T_0.1 ;
    %jmp T_0;
    .thread T_0;
    .scope S_0x13a604a40;
T_1 ;
    %wait E_0x6000010ae5c0;
    %load/vec4 v0x6000037ac120_0;
    %assign/vec4 v0x6000037ac090_0, 1;
    %jmp T_1;
    .thread T_1, $push;
    .scope S_0x13a604a40;
T_2 ;
    %wait E_0x6000010ae580;
    %load/vec4 v0x6000037ac1b0_0;
    %inv;
    %flag_set/vec4 8;
    %jmp/0xz  T_2.0, 8;
    %pushi/vec4 0, 0, 1;
    %assign/vec4 v0x6000037ac2d0_0, 1;
    %jmp T_2.1;
T_2.0 ;
    %load/vec4 v0x6000037ac090_0;
    %dup/vec4;
    %pushi/vec4 0, 0, 2;
    %cmp/u;
    %jmp/1 T_2.2, 6;
    %dup/vec4;
    %pushi/vec4 3, 0, 2;
    %cmp/u;
    %jmp/1 T_2.3, 6;
    %dup/vec4;
    %pushi/vec4 1, 0, 2;
    %cmp/u;
    %jmp/1 T_2.4, 6;
    %dup/vec4;
    %pushi/vec4 2, 0, 2;
    %cmp/u;
    %jmp/1 T_2.5, 6;
    %jmp T_2.6;
T_2.2 ;
    %pushi/vec4 0, 0, 1;
    %assign/vec4 v0x6000037ac2d0_0, 1;
    %jmp T_2.6;
T_2.3 ;
    %pushi/vec4 0, 0, 1;
    %assign/vec4 v0x6000037ac2d0_0, 1;
    %jmp T_2.6;
T_2.4 ;
    %pushi/vec4 1, 0, 1;
    %assign/vec4 v0x6000037ac2d0_0, 1;
    %jmp T_2.6;
T_2.5 ;
    %pushi/vec4 1, 0, 1;
    %assign/vec4 v0x6000037ac2d0_0, 1;
    %jmp T_2.6;
T_2.6 ;
    %pop/vec4 1;
T_2.1 ;
    %jmp T_2;
    .thread T_2, $push;
    .scope S_0x13a605ce0;
T_3 ;
    %delay 10, 0;
    %load/vec4 v0x6000037ac360_0;
    %inv;
    %store/vec4 v0x6000037ac360_0, 0, 1;
    %jmp T_3;
    .thread T_3;
    .scope S_0x13a605ce0;
T_4 ;
    %vpi_call 2 47 "$dumpfile", "vcd/moore1.vcd" {0 0 0};
    %vpi_call 2 48 "$dumpvars" {0 0 0};
    %end;
    .thread T_4;
    .scope S_0x13a605ce0;
T_5 ;
    %delay 0, 0;
    %pushi/vec4 0, 0, 1;
    %store/vec4 v0x6000037ac360_0, 0, 1;
    %pushi/vec4 0, 0, 1;
    %store/vec4 v0x6000037ac3f0_0, 0, 1;
    %pushi/vec4 0, 0, 1;
    %store/vec4 v0x6000037ac480_0, 0, 1;
    %delay 15, 0;
    %pushi/vec4 1, 0, 1;
    %store/vec4 v0x6000037ac3f0_0, 0, 1;
    %delay 100, 0;
    %pushi/vec4 1, 0, 1;
    %store/vec4 v0x6000037ac480_0, 0, 1;
    %delay 100, 0;
    %pushi/vec4 0, 0, 1;
    %store/vec4 v0x6000037ac480_0, 0, 1;
    %delay 100, 0;
    %pushi/vec4 1, 0, 1;
    %store/vec4 v0x6000037ac480_0, 0, 1;
    %delay 100, 0;
    %pushi/vec4 0, 0, 1;
    %store/vec4 v0x6000037ac480_0, 0, 1;
    %delay 100, 0;
    %pushi/vec4 1, 0, 1;
    %store/vec4 v0x6000037ac480_0, 0, 1;
    %delay 100, 0;
    %pushi/vec4 0, 0, 1;
    %store/vec4 v0x6000037ac480_0, 0, 1;
    %delay 100, 0;
    %pushi/vec4 1, 0, 1;
    %store/vec4 v0x6000037ac480_0, 0, 1;
    %delay 100, 0;
    %pushi/vec4 0, 0, 1;
    %store/vec4 v0x6000037ac480_0, 0, 1;
    %delay 100, 0;
    %pushi/vec4 1, 0, 1;
    %store/vec4 v0x6000037ac480_0, 0, 1;
    %delay 100, 0;
    %pushi/vec4 0, 0, 1;
    %store/vec4 v0x6000037ac480_0, 0, 1;
    %delay 100, 0;
    %vpi_call 2 64 "$finish" {0 0 0};
    %end;
    .thread T_5;
# The file index is used to find the file name in the following table.
:file_names 3;
    "N/A";
    "<interactive>";
    "vvc/moore1.v";
