#! /opt/homebrew/Cellar/icarus-verilog/12.0/bin/vvp
:ivl_version "12.0 (stable)";
:ivl_delay_selection "TYPICAL";
:vpi_time_precision - 9;
:vpi_module "/opt/homebrew/Cellar/icarus-verilog/12.0/lib/ivl/system.vpi";
:vpi_module "/opt/homebrew/Cellar/icarus-verilog/12.0/lib/ivl/vhdl_sys.vpi";
:vpi_module "/opt/homebrew/Cellar/icarus-verilog/12.0/lib/ivl/vhdl_textio.vpi";
:vpi_module "/opt/homebrew/Cellar/icarus-verilog/12.0/lib/ivl/v2005_math.vpi";
:vpi_module "/opt/homebrew/Cellar/icarus-verilog/12.0/lib/ivl/va_math.vpi";
S_0x152f07950 .scope module, "test" "test" 2 25;
 .timescale -9 -9;
v0x152f21ce0_0 .var "a", 0 0;
v0x152f21d70_0 .var "b", 0 0;
v0x152f21e00_0 .var "c", 0 0;
v0x152f21e90_0 .var "ct1", 0 0;
v0x152f21f20_0 .var "ct2", 0 0;
v0x152f21ff0_0 .net "d", 0 0, L_0x152f22400;  1 drivers
v0x152f220c0_0 .net "d1", 0 0, L_0x152f226c0;  1 drivers
v0x152f22150_0 .var/i "i", 31 0;
S_0x152f07ac0 .scope module, "U1" "mux3" 2 28, 2 9 0, S_0x152f07950;
 .timescale -9 -9;
    .port_info 0 /INPUT 1 "a";
    .port_info 1 /INPUT 1 "b";
    .port_info 2 /INPUT 1 "c";
    .port_info 3 /INPUT 1 "ct1";
    .port_info 4 /INPUT 1 "ct2";
    .port_info 5 /OUTPUT 1 "d";
v0x152f20f90_0 .net "a", 0 0, v0x152f21ce0_0;  1 drivers
v0x152f21030_0 .net "b", 0 0, v0x152f21d70_0;  1 drivers
v0x152f210e0_0 .net "c", 0 0, v0x152f21e00_0;  1 drivers
v0x152f211b0_0 .net "ct1", 0 0, v0x152f21e90_0;  1 drivers
v0x152f21260_0 .net "ct2", 0 0, v0x152f21f20_0;  1 drivers
v0x152f21330_0 .net "d", 0 0, L_0x152f22400;  alias, 1 drivers
v0x152f213e0_0 .net "o1", 0 0, L_0x152f221e0;  1 drivers
S_0x152f06710 .scope module, "U1" "mux2" 2 13, 2 3 0, S_0x152f07ac0;
 .timescale -9 -9;
    .port_info 0 /INPUT 1 "a";
    .port_info 1 /INPUT 1 "b";
    .port_info 2 /INPUT 1 "c";
    .port_info 3 /OUTPUT 1 "d";
v0x152f07450_0 .net "a", 0 0, v0x152f21ce0_0;  alias, 1 drivers
v0x152f20820_0 .net "b", 0 0, v0x152f21d70_0;  alias, 1 drivers
v0x152f208c0_0 .net "c", 0 0, v0x152f21e90_0;  alias, 1 drivers
v0x152f20970_0 .net "d", 0 0, L_0x152f221e0;  alias, 1 drivers
L_0x152f221e0 .functor MUXZ 1, v0x152f21ce0_0, v0x152f21d70_0, v0x152f21e90_0, C4<>;
S_0x152f20a70 .scope module, "U2" "mux2" 2 14, 2 3 0, S_0x152f07ac0;
 .timescale -9 -9;
    .port_info 0 /INPUT 1 "a";
    .port_info 1 /INPUT 1 "b";
    .port_info 2 /INPUT 1 "c";
    .port_info 3 /OUTPUT 1 "d";
v0x152f20ca0_0 .net "a", 0 0, L_0x152f221e0;  alias, 1 drivers
v0x152f20d50_0 .net "b", 0 0, v0x152f21e00_0;  alias, 1 drivers
v0x152f20de0_0 .net "c", 0 0, v0x152f21f20_0;  alias, 1 drivers
v0x152f20e90_0 .net "d", 0 0, L_0x152f22400;  alias, 1 drivers
L_0x152f22400 .functor MUXZ 1, L_0x152f221e0, v0x152f21e00_0, v0x152f21f20_0, C4<>;
S_0x152f214e0 .scope module, "U2" "mux3_1" 2 29, 2 18 0, S_0x152f07950;
 .timescale -9 -9;
    .port_info 0 /INPUT 1 "a";
    .port_info 1 /INPUT 1 "b";
    .port_info 2 /INPUT 1 "c";
    .port_info 3 /INPUT 1 "ct1";
    .port_info 4 /INPUT 1 "ct2";
    .port_info 5 /OUTPUT 1 "d";
v0x152f21730_0 .net *"_ivl_0", 0 0, L_0x152f22620;  1 drivers
v0x152f217c0_0 .net "a", 0 0, v0x152f21ce0_0;  alias, 1 drivers
v0x152f218a0_0 .net "b", 0 0, v0x152f21d70_0;  alias, 1 drivers
v0x152f21970_0 .net "c", 0 0, v0x152f21e00_0;  alias, 1 drivers
v0x152f21a40_0 .net "ct1", 0 0, v0x152f21e90_0;  alias, 1 drivers
v0x152f21b50_0 .net "ct2", 0 0, v0x152f21f20_0;  alias, 1 drivers
v0x152f21c20_0 .net "d", 0 0, L_0x152f226c0;  alias, 1 drivers
L_0x152f22620 .functor MUXZ 1, v0x152f21ce0_0, v0x152f21d70_0, v0x152f21e90_0, C4<>;
L_0x152f226c0 .functor MUXZ 1, L_0x152f22620, v0x152f21e00_0, v0x152f21f20_0, C4<>;
    .scope S_0x152f07950;
T_0 ;
    %vpi_call 2 31 "$dumpfile", "vcd/mux3.vcd" {0 0 0};
    %vpi_call 2 32 "$dumpvars" {0 0 0};
    %end;
    .thread T_0;
    .scope S_0x152f07950;
T_1 ;
    %pushi/vec4 0, 0, 32;
    %store/vec4 v0x152f22150_0, 0, 32;
T_1.0 ;
    %load/vec4 v0x152f22150_0;
    %cmpi/s 32, 0, 32;
    %jmp/0xz T_1.1, 5;
    %delay 0, 0;
    %load/vec4 v0x152f22150_0;
    %parti/s 1, 0, 2;
    %store/vec4 v0x152f21ce0_0, 0, 1;
    %load/vec4 v0x152f22150_0;
    %parti/s 1, 1, 2;
    %store/vec4 v0x152f21d70_0, 0, 1;
    %load/vec4 v0x152f22150_0;
    %parti/s 1, 2, 3;
    %store/vec4 v0x152f21e00_0, 0, 1;
    %load/vec4 v0x152f22150_0;
    %parti/s 1, 3, 3;
    %store/vec4 v0x152f21e90_0, 0, 1;
    %load/vec4 v0x152f22150_0;
    %parti/s 1, 4, 4;
    %store/vec4 v0x152f21f20_0, 0, 1;
    %delay 10, 0;
    %load/vec4 v0x152f22150_0;
    %addi 1, 0, 32;
    %store/vec4 v0x152f22150_0, 0, 32;
    %jmp T_1.0;
T_1.1 ;
    %pushi/vec4 0, 0, 1;
    %store/vec4 v0x152f21ce0_0, 0, 1;
    %pushi/vec4 0, 0, 1;
    %store/vec4 v0x152f21d70_0, 0, 1;
    %pushi/vec4 0, 0, 1;
    %store/vec4 v0x152f21e00_0, 0, 1;
    %pushi/vec4 0, 0, 1;
    %store/vec4 v0x152f21e90_0, 0, 1;
    %pushi/vec4 0, 0, 1;
    %store/vec4 v0x152f21f20_0, 0, 1;
    %end;
    .thread T_1;
# The file index is used to find the file name in the following table.
:file_names 3;
    "N/A";
    "<interactive>";
    "vvc/mux3.v";
